{"C:\\Users\\prabh\\Other Projects\\INVTL\\mobile\\src\\constants\\Colors.ts": {"path":"C:\\Users\\prabh\\Other Projects\\INVTL\\mobile\\src\\constants\\Colors.ts","statementMap":{"0":{"start":{"line":1,"column":22},"end":{"line":22,"column":1}}},"fnMap":{},"branchMap":{},"s":{"0":1},"f":{},"b":{},"_coverageSchema":"1a1c01bbd47fc00a2c39e90264f33305004495a9","hash":"f03acd4d3f7877bc571b7f95cfcb7df5a932d161"}
,"C:\\Users\\prabh\\Other Projects\\INVTL\\mobile\\src\\constants\\MapStyles.ts": {"path":"C:\\Users\\prabh\\Other Projects\\INVTL\\mobile\\src\\constants\\MapStyles.ts","statementMap":{"0":{"start":{"line":1,"column":34},"end":{"line":160,"column":1}}},"fnMap":{},"branchMap":{},"s":{"0":0},"f":{},"b":{}}
,"C:\\Users\\prabh\\Other Projects\\INVTL\\mobile\\src\\constants\\Typography.ts": {"path":"C:\\Users\\prabh\\Other Projects\\INVTL\\mobile\\src\\constants\\Typography.ts","statementMap":{"0":{"start":{"line":1,"column":26},"end":{"line":25,"column":1}}},"fnMap":{},"branchMap":{},"s":{"0":1},"f":{},"b":{},"_coverageSchema":"1a1c01bbd47fc00a2c39e90264f33305004495a9","hash":"8a24eca84c98a9a970bf7425c74cc1d88e858ecf"}
,"C:\\Users\\prabh\\Other Projects\\INVTL\\mobile\\src\\features\\activity\\components\\ActivityRouteMap.tsx": {"path":"C:\\Users\\prabh\\Other Projects\\INVTL\\mobile\\src\\features\\activity\\components\\ActivityRouteMap.tsx","statementMap":{"0":{"start":{"line":18,"column":58},"end":{"line":70,"column":1}},"1":{"start":{"line":19,"column":17},"end":{"line":19,"column":38}},"2":{"start":{"line":21,"column":2},"end":{"line":32,"column":20}},"3":{"start":{"line":22,"column":4},"end":{"line":31,"column":5}},"4":{"start":{"line":24,"column":20},"end":{"line":29,"column":13}},"5":{"start":{"line":25,"column":10},"end":{"line":28,"column":13}},"6":{"start":{"line":30,"column":6},"end":{"line":30,"column":39}},"7":{"start":{"line":30,"column":19},"end":{"line":30,"column":38}},"8":{"start":{"line":34,"column":2},"end":{"line":36,"column":3}},"9":{"start":{"line":35,"column":4},"end":{"line":35,"column":16}},"10":{"start":{"line":38,"column":21},"end":{"line":38,"column":35}},"11":{"start":{"line":39,"column":19},"end":{"line":39,"column":54}},"12":{"start":{"line":42,"column":21},"end":{"line":42,"column":40}},"13":{"start":{"line":44,"column":2},"end":{"line":69,"column":4}},"14":{"start":{"line":72,"column":15},"end":{"line":99,"column":2}}},"fnMap":{"0":{"name":"(anonymous_0)","decl":{"start":{"line":18,"column":58},"end":{"line":18,"column":59}},"loc":{"start":{"line":18,"column":107},"end":{"line":70,"column":1}},"line":18},"1":{"name":"(anonymous_1)","decl":{"start":{"line":21,"column":12},"end":{"line":21,"column":13}},"loc":{"start":{"line":21,"column":18},"end":{"line":32,"column":3}},"line":21},"2":{"name":"(anonymous_2)","decl":{"start":{"line":24,"column":31},"end":{"line":24,"column":32}},"loc":{"start":{"line":24,"column":37},"end":{"line":29,"column":7}},"line":24},"3":{"name":"(anonymous_3)","decl":{"start":{"line":30,"column":13},"end":{"line":30,"column":14}},"loc":{"start":{"line":30,"column":19},"end":{"line":30,"column":38}},"line":30}},"branchMap":{"0":{"loc":{"start":{"line":18,"column":81},"end":{"line":18,"column":100}},"type":"default-arg","locations":[{"start":{"line":18,"column":95},"end":{"line":18,"column":100}}],"line":18},"1":{"loc":{"start":{"line":22,"column":4},"end":{"line":31,"column":5}},"type":"if","locations":[{"start":{"line":22,"column":4},"end":{"line":31,"column":5}},{"start":{},"end":{}}],"line":22},"2":{"loc":{"start":{"line":22,"column":8},"end":{"line":22,"column":48}},"type":"binary-expr","locations":[{"start":{"line":22,"column":8},"end":{"line":22,"column":30}},{"start":{"line":22,"column":34},"end":{"line":22,"column":48}}],"line":22},"3":{"loc":{"start":{"line":34,"column":2},"end":{"line":36,"column":3}},"type":"if","locations":[{"start":{"line":34,"column":2},"end":{"line":36,"column":3}},{"start":{},"end":{}}],"line":34},"4":{"loc":{"start":{"line":34,"column":6},"end":{"line":34,"column":46}},"type":"binary-expr","locations":[{"start":{"line":34,"column":6},"end":{"line":34,"column":18}},{"start":{"line":34,"column":22},"end":{"line":34,"column":46}}],"line":34},"5":{"loc":{"start":{"line":48,"column":18},"end":{"line":48,"column":80}},"type":"cond-expr","locations":[{"start":{"line":48,"column":46},"end":{"line":48,"column":61}},{"start":{"line":48,"column":64},"end":{"line":48,"column":80}}],"line":48}},"s":{"0":0,"1":0,"2":0,"3":0,"4":0,"5":0,"6":0,"7":0,"8":0,"9":0,"10":0,"11":0,"12":0,"13":0,"14":0},"f":{"0":0,"1":0,"2":0,"3":0},"b":{"0":[0],"1":[0,0],"2":[0,0],"3":[0,0],"4":[0,0],"5":[0,0]}}
,"C:\\Users\\prabh\\Other Projects\\INVTL\\mobile\\src\\features\\activity\\components\\ActivityScreen.tsx": {"path":"C:\\Users\\prabh\\Other Projects\\INVTL\\mobile\\src\\features\\activity\\components\\ActivityScreen.tsx","statementMap":{"0":{"start":{"line":11,"column":19},"end":{"line":15,"column":1}},"1":{"start":{"line":12,"column":15},"end":{"line":12,"column":39}},"2":{"start":{"line":13,"column":15},"end":{"line":13,"column":27}},"3":{"start":{"line":14,"column":2},"end":{"line":14,"column":83}},"4":{"start":{"line":17,"column":23},"end":{"line":19,"column":1}},"5":{"start":{"line":18,"column":2},"end":{"line":18,"column":44}},"6":{"start":{"line":21,"column":19},"end":{"line":27,"column":1}},"7":{"start":{"line":23,"column":4},"end":{"line":23,"column":56}},"8":{"start":{"line":23,"column":40},"end":{"line":23,"column":56}},"9":{"start":{"line":24,"column":17},"end":{"line":24,"column":33}},"10":{"start":{"line":25,"column":17},"end":{"line":25,"column":47}},"11":{"start":{"line":26,"column":4},"end":{"line":26,"column":58}},"12":{"start":{"line":30,"column":120},"end":{"line":30,"column":138}},"13":{"start":{"line":31,"column":17},"end":{"line":31,"column":28}},"14":{"start":{"line":34,"column":2},"end":{"line":34,"column":24}},"15":{"start":{"line":36,"column":23},"end":{"line":46,"column":3}},"16":{"start":{"line":37,"column":25},"end":{"line":43,"column":5}},"17":{"start":{"line":44,"column":4},"end":{"line":44,"column":37}},"18":{"start":{"line":45,"column":4},"end":{"line":45,"column":21}},"19":{"start":{"line":48,"column":25},"end":{"line":50,"column":3}},"20":{"start":{"line":49,"column":4},"end":{"line":49,"column":35}},"21":{"start":{"line":52,"column":2},"end":{"line":151,"column":4}},"22":{"start":{"line":154,"column":15},"end":{"line":246,"column":2}}},"fnMap":{"0":{"name":"(anonymous_0)","decl":{"start":{"line":11,"column":19},"end":{"line":11,"column":20}},"loc":{"start":{"line":11,"column":40},"end":{"line":15,"column":1}},"line":11},"1":{"name":"(anonymous_1)","decl":{"start":{"line":17,"column":23},"end":{"line":17,"column":24}},"loc":{"start":{"line":17,"column":43},"end":{"line":19,"column":1}},"line":17},"2":{"name":"(anonymous_2)","decl":{"start":{"line":21,"column":19},"end":{"line":21,"column":20}},"loc":{"start":{"line":21,"column":37},"end":{"line":27,"column":1}},"line":21},"3":{"name":"ActivityScreen","decl":{"start":{"line":29,"column":24},"end":{"line":29,"column":38}},"loc":{"start":{"line":29,"column":41},"end":{"line":152,"column":1}},"line":29},"4":{"name":"(anonymous_4)","decl":{"start":{"line":36,"column":23},"end":{"line":36,"column":24}},"loc":{"start":{"line":36,"column":35},"end":{"line":46,"column":3}},"line":36},"5":{"name":"(anonymous_5)","decl":{"start":{"line":48,"column":25},"end":{"line":48,"column":26}},"loc":{"start":{"line":48,"column":31},"end":{"line":50,"column":3}},"line":48}},"branchMap":{"0":{"loc":{"start":{"line":23,"column":4},"end":{"line":23,"column":56}},"type":"if","locations":[{"start":{"line":23,"column":4},"end":{"line":23,"column":56}},{"start":{},"end":{}}],"line":23},"1":{"loc":{"start":{"line":23,"column":8},"end":{"line":23,"column":38}},"type":"binary-expr","locations":[{"start":{"line":23,"column":8},"end":{"line":23,"column":23}},{"start":{"line":23,"column":27},"end":{"line":23,"column":38}}],"line":23},"2":{"loc":{"start":{"line":69,"column":7},"end":{"line":149,"column":7}},"type":"cond-expr","locations":[{"start":{"line":70,"column":9},"end":{"line":93,"column":16}},{"start":{"line":95,"column":8},"end":{"line":148,"column":15}}],"line":69},"3":{"loc":{"start":{"line":96,"column":13},"end":{"line":105,"column":13}},"type":"binary-expr","locations":[{"start":{"line":96,"column":13},"end":{"line":96,"column":42}},{"start":{"line":97,"column":14},"end":{"line":104,"column":33}}],"line":96},"4":{"loc":{"start":{"line":107,"column":13},"end":{"line":126,"column":13}},"type":"binary-expr","locations":[{"start":{"line":107,"column":13},"end":{"line":107,"column":46}},{"start":{"line":108,"column":14},"end":{"line":125,"column":17}}],"line":107},"5":{"loc":{"start":{"line":128,"column":13},"end":{"line":147,"column":13}},"type":"binary-expr","locations":[{"start":{"line":128,"column":13},"end":{"line":128,"column":44}},{"start":{"line":129,"column":14},"end":{"line":146,"column":17}}],"line":128}},"s":{"0":1,"1":4,"2":4,"3":4,"4":1,"5":4,"6":1,"7":4,"8":0,"9":4,"10":4,"11":4,"12":4,"13":4,"14":4,"15":4,"16":0,"17":0,"18":0,"19":4,"20":0,"21":4,"22":1},"f":{"0":4,"1":4,"2":4,"3":4,"4":0,"5":0},"b":{"0":[0,4],"1":[4,4],"2":[1,3],"3":[3,1],"4":[3,1],"5":[3,1]},"_coverageSchema":"1a1c01bbd47fc00a2c39e90264f33305004495a9","hash":"025145a40a8f1885fb3cd9a51164afdc94c3c1f1"}
,"C:\\Users\\prabh\\Other Projects\\INVTL\\mobile\\src\\features\\activity\\components\\FullScreenRouteScreen.tsx": {"path":"C:\\Users\\prabh\\Other Projects\\INVTL\\mobile\\src\\features\\activity\\components\\FullScreenRouteScreen.tsx","statementMap":{"0":{"start":{"line":9,"column":26},"end":{"line":9,"column":44}},"1":{"start":{"line":11,"column":2},"end":{"line":26,"column":4}},"2":{"start":{"line":29,"column":15},"end":{"line":39,"column":2}}},"fnMap":{"0":{"name":"FullScreenRouteScreen","decl":{"start":{"line":8,"column":24},"end":{"line":8,"column":45}},"loc":{"start":{"line":8,"column":48},"end":{"line":27,"column":1}},"line":8}},"branchMap":{},"s":{"0":0,"1":0,"2":0},"f":{"0":0},"b":{}}
,"C:\\Users\\prabh\\Other Projects\\INVTL\\mobile\\src\\features\\activity\\hooks\\useActivityTracking.ts": {"path":"C:\\Users\\prabh\\Other Projects\\INVTL\\mobile\\src\\features\\activity\\hooks\\useActivityTracking.ts","statementMap":{"0":{"start":{"line":7,"column":35},"end":{"line":76,"column":1}},"1":{"start":{"line":8,"column":36},"end":{"line":8,"column":54}},"2":{"start":{"line":9,"column":23},"end":{"line":9,"column":67}},"3":{"start":{"line":10,"column":19},"end":{"line":10,"column":54}},"4":{"start":{"line":12,"column":2},"end":{"line":75,"column":30}},"5":{"start":{"line":13,"column":61},"end":{"line":13,"column":65}},"6":{"start":{"line":15,"column":26},"end":{"line":49,"column":5}},"7":{"start":{"line":16,"column":28},"end":{"line":16,"column":62}},"8":{"start":{"line":17,"column":6},"end":{"line":20,"column":7}},"9":{"start":{"line":18,"column":8},"end":{"line":18,"column":51}},"10":{"start":{"line":19,"column":8},"end":{"line":19,"column":15}},"11":{"start":{"line":22,"column":6},"end":{"line":48,"column":8}},"12":{"start":{"line":29,"column":42},"end":{"line":29,"column":57}},"13":{"start":{"line":30,"column":45},"end":{"line":30,"column":72}},"14":{"start":{"line":32,"column":10},"end":{"line":32,"column":49}},"15":{"start":{"line":34,"column":10},"end":{"line":45,"column":11}},"16":{"start":{"line":35,"column":34},"end":{"line":40,"column":13}},"17":{"start":{"line":42,"column":12},"end":{"line":44,"column":15}},"18":{"start":{"line":46,"column":10},"end":{"line":46,"column":42}},"19":{"start":{"line":51,"column":4},"end":{"line":67,"column":5}},"20":{"start":{"line":52,"column":6},"end":{"line":52,"column":22}},"21":{"start":{"line":53,"column":6},"end":{"line":61,"column":15}},"22":{"start":{"line":54,"column":31},"end":{"line":54,"column":66}},"23":{"start":{"line":55,"column":24},"end":{"line":55,"column":54}},"24":{"start":{"line":56,"column":24},"end":{"line":56,"column":71}},"25":{"start":{"line":57,"column":8},"end":{"line":60,"column":11}},"26":{"start":{"line":63,"column":6},"end":{"line":66,"column":7}},"27":{"start":{"line":64,"column":8},"end":{"line":64,"column":40}},"28":{"start":{"line":65,"column":8},"end":{"line":65,"column":32}},"29":{"start":{"line":69,"column":4},"end":{"line":74,"column":6}},"30":{"start":{"line":70,"column":6},"end":{"line":70,"column":29}},"31":{"start":{"line":71,"column":6},"end":{"line":73,"column":7}},"32":{"start":{"line":72,"column":8},"end":{"line":72,"column":40}}},"fnMap":{"0":{"name":"(anonymous_0)","decl":{"start":{"line":7,"column":35},"end":{"line":7,"column":36}},"loc":{"start":{"line":7,"column":41},"end":{"line":76,"column":1}},"line":7},"1":{"name":"(anonymous_1)","decl":{"start":{"line":12,"column":12},"end":{"line":12,"column":13}},"loc":{"start":{"line":12,"column":18},"end":{"line":75,"column":3}},"line":12},"2":{"name":"(anonymous_2)","decl":{"start":{"line":15,"column":26},"end":{"line":15,"column":27}},"loc":{"start":{"line":15,"column":38},"end":{"line":49,"column":5}},"line":15},"3":{"name":"(anonymous_3)","decl":{"start":{"line":28,"column":8},"end":{"line":28,"column":9}},"loc":{"start":{"line":28,"column":22},"end":{"line":47,"column":9}},"line":28},"4":{"name":"(anonymous_4)","decl":{"start":{"line":53,"column":37},"end":{"line":53,"column":38}},"loc":{"start":{"line":53,"column":43},"end":{"line":61,"column":7}},"line":53},"5":{"name":"(anonymous_5)","decl":{"start":{"line":69,"column":11},"end":{"line":69,"column":12}},"loc":{"start":{"line":69,"column":17},"end":{"line":74,"column":5}},"line":69}},"branchMap":{"0":{"loc":{"start":{"line":17,"column":6},"end":{"line":20,"column":7}},"type":"if","locations":[{"start":{"line":17,"column":6},"end":{"line":20,"column":7}},{"start":{},"end":{}}],"line":17},"1":{"loc":{"start":{"line":34,"column":10},"end":{"line":45,"column":11}},"type":"if","locations":[{"start":{"line":34,"column":10},"end":{"line":45,"column":11}},{"start":{},"end":{}}],"line":34},"2":{"loc":{"start":{"line":51,"column":4},"end":{"line":67,"column":5}},"type":"if","locations":[{"start":{"line":51,"column":4},"end":{"line":67,"column":5}},{"start":{"line":62,"column":11},"end":{"line":67,"column":5}}],"line":51},"3":{"loc":{"start":{"line":63,"column":6},"end":{"line":66,"column":7}},"type":"if","locations":[{"start":{"line":63,"column":6},"end":{"line":66,"column":7}},{"start":{},"end":{}}],"line":63},"4":{"loc":{"start":{"line":71,"column":6},"end":{"line":73,"column":7}},"type":"if","locations":[{"start":{"line":71,"column":6},"end":{"line":73,"column":7}},{"start":{},"end":{}}],"line":71}},"s":{"0":0,"1":0,"2":0,"3":0,"4":0,"5":0,"6":0,"7":0,"8":0,"9":0,"10":0,"11":0,"12":0,"13":0,"14":0,"15":0,"16":0,"17":0,"18":0,"19":0,"20":0,"21":0,"22":0,"23":0,"24":0,"25":0,"26":0,"27":0,"28":0,"29":0,"30":0,"31":0,"32":0},"f":{"0":0,"1":0,"2":0,"3":0,"4":0,"5":0},"b":{"0":[0,0],"1":[0,0],"2":[0,0],"3":[0,0],"4":[0,0]}}
,"C:\\Users\\prabh\\Other Projects\\INVTL\\mobile\\src\\features\\activity\\services\\activityStorage.ts": {"path":"C:\\Users\\prabh\\Other Projects\\INVTL\\mobile\\src\\features\\activity\\services\\activityStorage.ts","statementMap":{"0":{"start":{"line":11,"column":20},"end":{"line":11,"column":32}},"1":{"start":{"line":13,"column":28},"end":{"line":22,"column":1}},"2":{"start":{"line":14,"column":2},"end":{"line":21,"column":3}},"3":{"start":{"line":15,"column":25},"end":{"line":15,"column":64}},"4":{"start":{"line":16,"column":39},"end":{"line":16,"column":83}},"5":{"start":{"line":17,"column":4},"end":{"line":17,"column":30}},"6":{"start":{"line":18,"column":4},"end":{"line":18,"column":72}},"7":{"start":{"line":20,"column":4},"end":{"line":20,"column":48}},"8":{"start":{"line":24,"column":29},"end":{"line":32,"column":1}},"9":{"start":{"line":25,"column":2},"end":{"line":31,"column":3}},"10":{"start":{"line":26,"column":17},"end":{"line":26,"column":56}},"11":{"start":{"line":27,"column":4},"end":{"line":27,"column":40}},"12":{"start":{"line":29,"column":4},"end":{"line":29,"column":49}},"13":{"start":{"line":30,"column":4},"end":{"line":30,"column":14}}},"fnMap":{"0":{"name":"(anonymous_0)","decl":{"start":{"line":13,"column":28},"end":{"line":13,"column":29}},"loc":{"start":{"line":13,"column":62},"end":{"line":22,"column":1}},"line":13},"1":{"name":"(anonymous_1)","decl":{"start":{"line":24,"column":29},"end":{"line":24,"column":30}},"loc":{"start":{"line":24,"column":66},"end":{"line":32,"column":1}},"line":24}},"branchMap":{"0":{"loc":{"start":{"line":16,"column":39},"end":{"line":16,"column":83}},"type":"cond-expr","locations":[{"start":{"line":16,"column":54},"end":{"line":16,"column":78}},{"start":{"line":16,"column":81},"end":{"line":16,"column":83}}],"line":16},"1":{"loc":{"start":{"line":27,"column":11},"end":{"line":27,"column":39}},"type":"cond-expr","locations":[{"start":{"line":27,"column":18},"end":{"line":27,"column":34}},{"start":{"line":27,"column":37},"end":{"line":27,"column":39}}],"line":27}},"s":{"0":1,"1":1,"2":0,"3":0,"4":0,"5":0,"6":0,"7":0,"8":1,"9":0,"10":0,"11":0,"12":0,"13":0},"f":{"0":0,"1":0},"b":{"0":[0,0],"1":[0,0]},"_coverageSchema":"1a1c01bbd47fc00a2c39e90264f33305004495a9","hash":"accbd7549f2ebc74abda6650a290f0c74ce8df22"}
,"C:\\Users\\prabh\\Other Projects\\INVTL\\mobile\\src\\features\\activity\\services\\locationService.ts": {"path":"C:\\Users\\prabh\\Other Projects\\INVTL\\mobile\\src\\features\\activity\\services\\locationService.ts","statementMap":{"0":{"start":{"line":6,"column":38},"end":{"line":6,"column":62}},"1":{"start":{"line":8,"column":42},"end":{"line":19,"column":1}},"2":{"start":{"line":9,"column":39},"end":{"line":9,"column":89}},"3":{"start":{"line":10,"column":2},"end":{"line":12,"column":3}},"4":{"start":{"line":11,"column":4},"end":{"line":11,"column":17}},"5":{"start":{"line":18,"column":2},"end":{"line":18,"column":14}},"6":{"start":{"line":21,"column":39},"end":{"line":30,"column":1}},"7":{"start":{"line":22,"column":2},"end":{"line":29,"column":4}},"8":{"start":{"line":32,"column":39},"end":{"line":46,"column":1}},"9":{"start":{"line":33,"column":23},"end":{"line":33,"column":86}},"10":{"start":{"line":34,"column":2},"end":{"line":45,"column":3}},"11":{"start":{"line":35,"column":4},"end":{"line":44,"column":7}},"12":{"start":{"line":48,"column":38},"end":{"line":53,"column":1}},"13":{"start":{"line":49,"column":23},"end":{"line":49,"column":86}},"14":{"start":{"line":50,"column":2},"end":{"line":52,"column":3}},"15":{"start":{"line":51,"column":4},"end":{"line":51,"column":68}},"16":{"start":{"line":55,"column":61},"end":{"line":55,"column":65}},"17":{"start":{"line":57,"column":0},"end":{"line":81,"column":3}},"18":{"start":{"line":58,"column":2},"end":{"line":60,"column":3}},"19":{"start":{"line":59,"column":4},"end":{"line":59,"column":11}},"20":{"start":{"line":61,"column":2},"end":{"line":80,"column":3}},"21":{"start":{"line":62,"column":26},"end":{"line":62,"column":74}},"22":{"start":{"line":63,"column":21},"end":{"line":63,"column":33}},"23":{"start":{"line":65,"column":4},"end":{"line":79,"column":5}},"24":{"start":{"line":66,"column":20},"end":{"line":66,"column":47}},"25":{"start":{"line":67,"column":6},"end":{"line":77,"column":7}},"26":{"start":{"line":68,"column":30},"end":{"line":73,"column":9}},"27":{"start":{"line":74,"column":8},"end":{"line":76,"column":11}},"28":{"start":{"line":78,"column":6},"end":{"line":78,"column":40}}},"fnMap":{"0":{"name":"(anonymous_0)","decl":{"start":{"line":8,"column":42},"end":{"line":8,"column":43}},"loc":{"start":{"line":8,"column":72},"end":{"line":19,"column":1}},"line":8},"1":{"name":"(anonymous_1)","decl":{"start":{"line":21,"column":39},"end":{"line":21,"column":40}},"loc":{"start":{"line":21,"column":104},"end":{"line":30,"column":1}},"line":21},"2":{"name":"(anonymous_2)","decl":{"start":{"line":32,"column":39},"end":{"line":32,"column":40}},"loc":{"start":{"line":32,"column":51},"end":{"line":46,"column":1}},"line":32},"3":{"name":"(anonymous_3)","decl":{"start":{"line":48,"column":38},"end":{"line":48,"column":39}},"loc":{"start":{"line":48,"column":50},"end":{"line":53,"column":1}},"line":48},"4":{"name":"(anonymous_4)","decl":{"start":{"line":57,"column":47},"end":{"line":57,"column":48}},"loc":{"start":{"line":57,"column":68},"end":{"line":81,"column":1}},"line":57}},"branchMap":{"0":{"loc":{"start":{"line":10,"column":2},"end":{"line":12,"column":3}},"type":"if","locations":[{"start":{"line":10,"column":2},"end":{"line":12,"column":3}},{"start":{},"end":{}}],"line":10},"1":{"loc":{"start":{"line":34,"column":2},"end":{"line":45,"column":3}},"type":"if","locations":[{"start":{"line":34,"column":2},"end":{"line":45,"column":3}},{"start":{},"end":{}}],"line":34},"2":{"loc":{"start":{"line":50,"column":2},"end":{"line":52,"column":3}},"type":"if","locations":[{"start":{"line":50,"column":2},"end":{"line":52,"column":3}},{"start":{},"end":{}}],"line":50},"3":{"loc":{"start":{"line":58,"column":2},"end":{"line":60,"column":3}},"type":"if","locations":[{"start":{"line":58,"column":2},"end":{"line":60,"column":3}},{"start":{},"end":{}}],"line":58},"4":{"loc":{"start":{"line":61,"column":2},"end":{"line":80,"column":3}},"type":"if","locations":[{"start":{"line":61,"column":2},"end":{"line":80,"column":3}},{"start":{},"end":{}}],"line":61},"5":{"loc":{"start":{"line":65,"column":4},"end":{"line":79,"column":5}},"type":"if","locations":[{"start":{"line":65,"column":4},"end":{"line":79,"column":5}},{"start":{},"end":{}}],"line":65},"6":{"loc":{"start":{"line":67,"column":6},"end":{"line":77,"column":7}},"type":"if","locations":[{"start":{"line":67,"column":6},"end":{"line":77,"column":7}},{"start":{},"end":{}}],"line":67},"7":{"loc":{"start":{"line":67,"column":10},"end":{"line":67,"column":75}},"type":"binary-expr","locations":[{"start":{"line":67,"column":10},"end":{"line":67,"column":49}},{"start":{"line":67,"column":53},"end":{"line":67,"column":75}}],"line":67}},"s":{"0":0,"1":0,"2":0,"3":0,"4":0,"5":0,"6":0,"7":0,"8":0,"9":0,"10":0,"11":0,"12":0,"13":0,"14":0,"15":0,"16":0,"17":0,"18":0,"19":0,"20":0,"21":0,"22":0,"23":0,"24":0,"25":0,"26":0,"27":0,"28":0},"f":{"0":0,"1":0,"2":0,"3":0,"4":0},"b":{"0":[0,0],"1":[0,0],"2":[0,0],"3":[0,0],"4":[0,0],"5":[0,0],"6":[0,0],"7":[0,0]}}
,"C:\\Users\\prabh\\Other Projects\\INVTL\\mobile\\src\\features\\activity\\store\\activityStore.ts": {"path":"C:\\Users\\prabh\\Other Projects\\INVTL\\mobile\\src\\features\\activity\\store\\activityStore.ts","statementMap":{"0":{"start":{"line":34,"column":32},"end":{"line":56,"column":3}},"1":{"start":{"line":34,"column":64},"end":{"line":56,"column":1}},"2":{"start":{"line":38,"column":23},"end":{"line":38,"column":62}},"3":{"start":{"line":39,"column":23},"end":{"line":39,"column":60}},"4":{"start":{"line":40,"column":24},"end":{"line":40,"column":63}},"5":{"start":{"line":41,"column":24},"end":{"line":41,"column":64}},"6":{"start":{"line":43,"column":4},"end":{"line":47,"column":6}},"7":{"start":{"line":49,"column":4},"end":{"line":51,"column":7}},"8":{"start":{"line":49,"column":20},"end":{"line":51,"column":5}},"9":{"start":{"line":53,"column":4},"end":{"line":55,"column":7}},"10":{"start":{"line":53,"column":20},"end":{"line":55,"column":5}}},"fnMap":{"0":{"name":"(anonymous_0)","decl":{"start":{"line":34,"column":54},"end":{"line":34,"column":55}},"loc":{"start":{"line":34,"column":64},"end":{"line":56,"column":1}},"line":34},"1":{"name":"(anonymous_1)","decl":{"start":{"line":38,"column":17},"end":{"line":38,"column":18}},"loc":{"start":{"line":38,"column":23},"end":{"line":38,"column":62}},"line":38},"2":{"name":"(anonymous_2)","decl":{"start":{"line":39,"column":17},"end":{"line":39,"column":18}},"loc":{"start":{"line":39,"column":23},"end":{"line":39,"column":60}},"line":39},"3":{"name":"(anonymous_3)","decl":{"start":{"line":40,"column":18},"end":{"line":40,"column":19}},"loc":{"start":{"line":40,"column":24},"end":{"line":40,"column":63}},"line":40},"4":{"name":"(anonymous_4)","decl":{"start":{"line":41,"column":18},"end":{"line":41,"column":19}},"loc":{"start":{"line":41,"column":24},"end":{"line":41,"column":64}},"line":41},"5":{"name":"(anonymous_5)","decl":{"start":{"line":42,"column":17},"end":{"line":42,"column":18}},"loc":{"start":{"line":43,"column":4},"end":{"line":47,"column":6}},"line":43},"6":{"name":"(anonymous_6)","decl":{"start":{"line":48,"column":17},"end":{"line":48,"column":18}},"loc":{"start":{"line":49,"column":4},"end":{"line":51,"column":7}},"line":49},"7":{"name":"(anonymous_7)","decl":{"start":{"line":49,"column":8},"end":{"line":49,"column":9}},"loc":{"start":{"line":49,"column":20},"end":{"line":51,"column":5}},"line":49},"8":{"name":"(anonymous_8)","decl":{"start":{"line":52,"column":17},"end":{"line":52,"column":18}},"loc":{"start":{"line":53,"column":4},"end":{"line":55,"column":7}},"line":53},"9":{"name":"(anonymous_9)","decl":{"start":{"line":53,"column":8},"end":{"line":53,"column":9}},"loc":{"start":{"line":53,"column":20},"end":{"line":55,"column":5}},"line":53}},"branchMap":{},"s":{"0":1,"1":1,"2":3,"3":1,"4":0,"5":1,"6":4,"7":1,"8":1,"9":0,"10":0},"f":{"0":1,"1":3,"2":1,"3":0,"4":1,"5":4,"6":1,"7":1,"8":0,"9":0},"b":{},"_coverageSchema":"1a1c01bbd47fc00a2c39e90264f33305004495a9","hash":"093180730407d9d7ea0d7e5ce6b73b62a43d13d5"}
,"C:\\Users\\prabh\\Other Projects\\INVTL\\mobile\\src\\features\\activity\\utils\\activityUtils.ts": {"path":"C:\\Users\\prabh\\Other Projects\\INVTL\\mobile\\src\\features\\activity\\utils\\activityUtils.ts","statementMap":{"0":{"start":{"line":1,"column":33},"end":{"line":14,"column":1}},"1":{"start":{"line":2,"column":12},"end":{"line":2,"column":18}},"2":{"start":{"line":3,"column":13},"end":{"line":3,"column":35}},"3":{"start":{"line":4,"column":13},"end":{"line":4,"column":35}},"4":{"start":{"line":5,"column":13},"end":{"line":5,"column":44}},"5":{"start":{"line":6,"column":13},"end":{"line":6,"column":44}},"6":{"start":{"line":8,"column":12},"end":{"line":10,"column":45}},"7":{"start":{"line":11,"column":12},"end":{"line":11,"column":58}},"8":{"start":{"line":13,"column":2},"end":{"line":13,"column":15}},"9":{"start":{"line":16,"column":29},"end":{"line":22,"column":1}},"10":{"start":{"line":17,"column":2},"end":{"line":17,"column":36}},"11":{"start":{"line":17,"column":27},"end":{"line":17,"column":36}},"12":{"start":{"line":19,"column":21},"end":{"line":19,"column":42}},"13":{"start":{"line":20,"column":18},"end":{"line":20,"column":34}},"14":{"start":{"line":21,"column":2},"end":{"line":21,"column":30}}},"fnMap":{"0":{"name":"(anonymous_0)","decl":{"start":{"line":1,"column":33},"end":{"line":1,"column":34}},"loc":{"start":{"line":1,"column":101},"end":{"line":14,"column":1}},"line":1},"1":{"name":"(anonymous_1)","decl":{"start":{"line":16,"column":29},"end":{"line":16,"column":30}},"loc":{"start":{"line":16,"column":86},"end":{"line":22,"column":1}},"line":16}},"branchMap":{"0":{"loc":{"start":{"line":17,"column":2},"end":{"line":17,"column":36}},"type":"if","locations":[{"start":{"line":17,"column":2},"end":{"line":17,"column":36}},{"start":{},"end":{}}],"line":17}},"s":{"0":0,"1":0,"2":0,"3":0,"4":0,"5":0,"6":0,"7":0,"8":0,"9":0,"10":0,"11":0,"12":0,"13":0,"14":0},"f":{"0":0,"1":0},"b":{"0":[0,0]}}
}
