TN:
SF:src\constants\Colors.ts
FNF:0
FNH:0
DA:1,2
LF:1
LH:1
BRF:0
BRH:0
end_of_record
TN:
SF:src\constants\MapStyles.ts
FNF:0
FNH:0
DA:1,1
LF:1
LH:1
BRF:0
BRH:0
end_of_record
TN:
SF:src\constants\Typography.ts
FNF:0
FNH:0
DA:1,1
LF:1
LH:1
BRF:0
BRH:0
end_of_record
TN:
SF:src\features\activity\components\ActivityRouteMap.tsx
FN:17,(anonymous_0)
FN:20,(anonymous_1)
FN:23,(anonymous_2)
FN:29,(anonymous_3)
FNF:4
FNH:3
FNDA:4,(anonymous_0)
FNDA:4,(anonymous_1)
FNDA:0,(anonymous_2)
FNDA:3,(anonymous_3)
DA:17,1
DA:18,4
DA:20,4
DA:21,4
DA:23,3
DA:24,0
DA:29,3
DA:33,4
DA:34,1
DA:37,3
DA:38,3
DA:41,3
DA:43,3
DA:71,1
LF:14
LH:13
BRDA:21,0,0,3
BRDA:21,0,1,1
BRDA:21,1,0,4
BRDA:21,1,1,3
BRDA:33,2,0,1
BRDA:33,2,1,3
BRDA:33,3,0,4
BRDA:33,3,1,4
BRDA:47,4,0,0
BRDA:47,4,1,3
BRF:10
BRH:9
end_of_record
TN:
SF:src\features\activity\components\ActivityScreen.tsx
FN:11,(anonymous_0)
FN:17,(anonymous_1)
FN:21,(anonymous_2)
FN:29,ActivityScreen
FN:36,(anonymous_4)
FN:48,(anonymous_5)
FNF:6
FNH:4
FNDA:4,(anonymous_0)
FNDA:4,(anonymous_1)
FNDA:4,(anonymous_2)
FNDA:4,ActivityScreen
FNDA:0,(anonymous_4)
FNDA:0,(anonymous_5)
DA:11,1
DA:12,4
DA:13,4
DA:14,4
DA:17,1
DA:18,4
DA:21,1
DA:23,4
DA:24,4
DA:25,4
DA:26,4
DA:30,4
DA:31,4
DA:34,4
DA:36,4
DA:37,0
DA:44,0
DA:45,0
DA:48,4
DA:49,0
DA:52,4
DA:154,1
LF:22
LH:18
BRDA:23,0,0,0
BRDA:23,0,1,4
BRDA:23,1,0,4
BRDA:23,1,1,4
BRDA:70,2,0,4
BRDA:70,2,1,1
BRDA:81,3,0,4
BRDA:81,3,1,1
BRDA:102,4,0,4
BRDA:102,4,1,1
BRDA:123,5,0,4
BRDA:123,5,1,1
BRF:12
BRH:11
end_of_record
TN:
SF:src\features\activity\hooks\useActivityTracking.ts
FN:7,(anonymous_0)
FN:12,(anonymous_1)
FN:15,(anonymous_2)
FN:28,(anonymous_3)
FN:53,(anonymous_4)
FN:69,(anonymous_5)
FNF:6
FNH:6
FNDA:10,(anonymous_0)
FNDA:5,(anonymous_1)
FNDA:4,(anonymous_2)
FNDA:3,(anonymous_3)
FNDA:3,(anonymous_4)
FNDA:5,(anonymous_5)
DA:7,1
DA:8,10
DA:9,10
DA:10,10
DA:12,10
DA:13,5
DA:15,5
DA:16,4
DA:17,4
DA:18,0
DA:19,0
DA:22,4
DA:29,3
DA:30,3
DA:32,3
DA:34,3
DA:35,1
DA:42,1
DA:46,3
DA:51,5
DA:52,4
DA:53,4
DA:54,3
DA:55,3
DA:56,3
DA:57,3
DA:63,1
DA:64,0
DA:65,0
DA:69,5
DA:70,5
DA:71,5
DA:72,4
LF:33
LH:29
BRDA:17,0,0,0
BRDA:17,0,1,4
BRDA:34,1,0,1
BRDA:34,1,1,2
BRDA:51,2,0,4
BRDA:51,2,1,1
BRDA:63,3,0,0
BRDA:63,3,1,1
BRDA:71,4,0,4
BRDA:71,4,1,1
BRF:10
BRH:8
end_of_record
TN:
SF:src\features\activity\services\activityStorage.ts
FN:13,(anonymous_0)
FN:24,(anonymous_1)
FNF:2
FNH:2
FNDA:2,(anonymous_0)
FNDA:1,(anonymous_1)
DA:11,2
DA:13,2
DA:14,2
DA:15,2
DA:16,2
DA:17,2
DA:18,2
DA:20,0
DA:24,2
DA:25,1
DA:26,1
DA:27,1
DA:29,0
DA:30,0
LF:14
LH:11
BRDA:16,0,0,1
BRDA:16,0,1,1
BRDA:27,1,0,1
BRDA:27,1,1,0
BRF:4
BRH:3
end_of_record
TN:
SF:src\features\activity\services\locationService.ts
FN:8,(anonymous_0)
FN:21,(anonymous_1)
FN:32,(anonymous_2)
FN:48,(anonymous_3)
FN:57,(anonymous_4)
FNF:5
FNH:3
FNDA:1,(anonymous_0)
FNDA:0,(anonymous_1)
FNDA:1,(anonymous_2)
FNDA:1,(anonymous_3)
FNDA:0,(anonymous_4)
DA:6,1
DA:8,1
DA:9,1
DA:10,1
DA:11,0
DA:18,1
DA:21,1
DA:22,0
DA:32,1
DA:33,1
DA:34,1
DA:35,1
DA:48,1
DA:49,1
DA:50,1
DA:51,1
DA:55,1
DA:57,1
DA:58,0
DA:59,0
DA:61,0
DA:62,0
DA:63,0
DA:65,0
DA:66,0
DA:67,0
DA:68,0
DA:74,0
DA:78,0
LF:29
LH:16
BRDA:10,0,0,0
BRDA:10,0,1,1
BRDA:34,1,0,1
BRDA:34,1,1,0
BRDA:50,2,0,1
BRDA:50,2,1,0
BRDA:58,3,0,0
BRDA:58,3,1,0
BRDA:61,4,0,0
BRDA:61,4,1,0
BRDA:65,5,0,0
BRDA:65,5,1,0
BRDA:67,6,0,0
BRDA:67,6,1,0
BRDA:67,7,0,0
BRDA:67,7,1,0
BRF:16
BRH:3
end_of_record
TN:
SF:src\features\activity\store\activityStore.ts
FN:34,(anonymous_0)
FN:38,(anonymous_1)
FN:39,(anonymous_2)
FN:40,(anonymous_3)
FN:41,(anonymous_4)
FN:42,(anonymous_5)
FN:48,(anonymous_6)
FN:49,(anonymous_7)
FN:52,(anonymous_8)
FN:53,(anonymous_9)
FNF:10
FNH:10
FNDA:4,(anonymous_0)
FNDA:11,(anonymous_1)
FNDA:3,(anonymous_2)
FNDA:1,(anonymous_3)
FNDA:2,(anonymous_4)
FNDA:16,(anonymous_5)
FNDA:5,(anonymous_6)
FNDA:5,(anonymous_7)
FNDA:4,(anonymous_8)
FNDA:4,(anonymous_9)
DA:34,4
DA:38,11
DA:39,3
DA:40,1
DA:41,2
DA:43,16
DA:49,5
DA:53,4
LF:8
LH:8
BRF:0
BRH:0
end_of_record
TN:
SF:src\features\activity\utils\activityUtils.ts
FN:1,(anonymous_0)
FN:16,(anonymous_1)
FNF:2
FNH:2
FNDA:3,(anonymous_0)
FNDA:5,(anonymous_1)
DA:1,3
DA:2,3
DA:3,3
DA:4,3
DA:5,3
DA:6,3
DA:8,3
DA:11,3
DA:13,3
DA:16,3
DA:17,5
DA:19,1
DA:20,1
DA:21,1
LF:14
LH:14
BRDA:17,0,0,4
BRDA:17,0,1,1
BRF:2
BRH:2
end_of_record
